{"/Users/ishit_singh/Desktop/backendEval/database/models/companies.js": {"path":"/Users/ishit_singh/Desktop/backendEval/database/models/companies.js","statementMap":{"0":{"start":{"line":4,"column":4},"end":{"line":4,"column":24}},"1":{"start":{"line":5,"column":0},"end":{"line":26,"column":2}},"2":{"start":{"line":16,"column":2},"end":{"line":24,"column":5}},"3":{"start":{"line":25,"column":2},"end":{"line":25,"column":19}}},"fnMap":{"0":{"name":"(anonymous_0)","decl":{"start":{"line":5,"column":17},"end":{"line":5,"column":18}},"loc":{"start":{"line":5,"column":43},"end":{"line":26,"column":1}},"line":5},"1":{"name":"(anonymous_1)","decl":{"start":{"line":12,"column":4},"end":{"line":12,"column":5}},"loc":{"start":{"line":12,"column":29},"end":{"line":14,"column":5}},"line":12}},"branchMap":{},"s":{"0":2,"1":2,"2":2,"3":2},"f":{"0":2,"1":2},"b":{},"_coverageSchema":"1a1c01bbd47fc00a2c39e90264f33305004495a9","hash":"8c5e693f1f4a4e35432ba197bf4f0b02a5f3bd15"}
,"/Users/ishit_singh/Desktop/backendEval/database/models/companydata.js": {"path":"/Users/ishit_singh/Desktop/backendEval/database/models/companydata.js","statementMap":{"0":{"start":{"line":4,"column":4},"end":{"line":4,"column":24}},"1":{"start":{"line":5,"column":0},"end":{"line":27,"column":2}},"2":{"start":{"line":16,"column":2},"end":{"line":25,"column":5}},"3":{"start":{"line":26,"column":2},"end":{"line":26,"column":21}}},"fnMap":{"0":{"name":"(anonymous_0)","decl":{"start":{"line":5,"column":17},"end":{"line":5,"column":18}},"loc":{"start":{"line":5,"column":43},"end":{"line":27,"column":1}},"line":5},"1":{"name":"(anonymous_1)","decl":{"start":{"line":12,"column":4},"end":{"line":12,"column":5}},"loc":{"start":{"line":12,"column":29},"end":{"line":14,"column":5}},"line":12}},"branchMap":{},"s":{"0":2,"1":2,"2":2,"3":2},"f":{"0":2,"1":2},"b":{},"_coverageSchema":"1a1c01bbd47fc00a2c39e90264f33305004495a9","hash":"06dd95f643e62facb258cce692066060b46f8113"}
,"/Users/ishit_singh/Desktop/backendEval/database/models/index.js": {"path":"/Users/ishit_singh/Desktop/backendEval/database/models/index.js","statementMap":{"0":{"start":{"line":3,"column":11},"end":{"line":3,"column":24}},"1":{"start":{"line":4,"column":13},"end":{"line":4,"column":28}},"2":{"start":{"line":5,"column":18},"end":{"line":5,"column":38}},"3":{"start":{"line":6,"column":16},"end":{"line":6,"column":34}},"4":{"start":{"line":7,"column":17},"end":{"line":7,"column":42}},"5":{"start":{"line":8,"column":12},"end":{"line":8,"column":49}},"6":{"start":{"line":9,"column":15},"end":{"line":9,"column":65}},"7":{"start":{"line":10,"column":11},"end":{"line":10,"column":13}},"8":{"start":{"line":13,"column":0},"end":{"line":17,"column":1}},"9":{"start":{"line":14,"column":2},"end":{"line":14,"column":74}},"10":{"start":{"line":16,"column":2},"end":{"line":16,"column":87}},"11":{"start":{"line":19,"column":0},"end":{"line":32,"column":5}},"12":{"start":{"line":22,"column":4},"end":{"line":27,"column":6}},"13":{"start":{"line":30,"column":18},"end":{"line":30,"column":85}},"14":{"start":{"line":31,"column":4},"end":{"line":31,"column":27}},"15":{"start":{"line":34,"column":0},"end":{"line":38,"column":3}},"16":{"start":{"line":35,"column":2},"end":{"line":37,"column":3}},"17":{"start":{"line":36,"column":4},"end":{"line":36,"column":32}},"18":{"start":{"line":40,"column":0},"end":{"line":40,"column":25}},"19":{"start":{"line":41,"column":0},"end":{"line":41,"column":25}},"20":{"start":{"line":43,"column":0},"end":{"line":43,"column":20}}},"fnMap":{"0":{"name":"(anonymous_0)","decl":{"start":{"line":21,"column":10},"end":{"line":21,"column":11}},"loc":{"start":{"line":21,"column":18},"end":{"line":28,"column":3}},"line":21},"1":{"name":"(anonymous_1)","decl":{"start":{"line":29,"column":11},"end":{"line":29,"column":12}},"loc":{"start":{"line":29,"column":19},"end":{"line":32,"column":3}},"line":29},"2":{"name":"(anonymous_2)","decl":{"start":{"line":34,"column":24},"end":{"line":34,"column":25}},"loc":{"start":{"line":34,"column":37},"end":{"line":38,"column":1}},"line":34}},"branchMap":{"0":{"loc":{"start":{"line":8,"column":12},"end":{"line":8,"column":49}},"type":"binary-expr","locations":[{"start":{"line":8,"column":12},"end":{"line":8,"column":32}},{"start":{"line":8,"column":36},"end":{"line":8,"column":49}}],"line":8},"1":{"loc":{"start":{"line":13,"column":0},"end":{"line":17,"column":1}},"type":"if","locations":[{"start":{"line":13,"column":0},"end":{"line":17,"column":1}},{"start":{"line":15,"column":7},"end":{"line":17,"column":1}}],"line":13},"2":{"loc":{"start":{"line":23,"column":6},"end":{"line":26,"column":37}},"type":"binary-expr","locations":[{"start":{"line":23,"column":6},"end":{"line":23,"column":29}},{"start":{"line":24,"column":6},"end":{"line":24,"column":23}},{"start":{"line":25,"column":6},"end":{"line":25,"column":30}},{"start":{"line":26,"column":6},"end":{"line":26,"column":37}}],"line":23},"3":{"loc":{"start":{"line":35,"column":2},"end":{"line":37,"column":3}},"type":"if","locations":[{"start":{"line":35,"column":2},"end":{"line":37,"column":3}},{"start":{},"end":{}}],"line":35}},"s":{"0":2,"1":2,"2":2,"3":2,"4":2,"5":2,"6":2,"7":2,"8":2,"9":0,"10":2,"11":2,"12":6,"13":4,"14":4,"15":2,"16":4,"17":4,"18":2,"19":2,"20":2},"f":{"0":6,"1":4,"2":4},"b":{"0":[2,0],"1":[0,2],"2":[6,6,4,4],"3":[4,0]},"_coverageSchema":"1a1c01bbd47fc00a2c39e90264f33305004495a9","hash":"7b1d2a6b52dd8567b08da819c25b10298a5be70d"}
,"/Users/ishit_singh/Desktop/backendEval/src/controllers/defaultController.js": {"path":"/Users/ishit_singh/Desktop/backendEval/src/controllers/defaultController.js","statementMap":{"0":{"start":{"line":1,"column":17},"end":{"line":1,"column":55}},"1":{"start":{"line":2,"column":23},"end":{"line":6,"column":1}},"2":{"start":{"line":3,"column":14},"end":{"line":3,"column":30}},"3":{"start":{"line":4,"column":15},"end":{"line":4,"column":48}},"4":{"start":{"line":5,"column":2},"end":{"line":5,"column":29}},"5":{"start":{"line":7,"column":22},"end":{"line":11,"column":1}},"6":{"start":{"line":8,"column":17},"end":{"line":8,"column":33}},"7":{"start":{"line":9,"column":21},"end":{"line":9,"column":57}},"8":{"start":{"line":10,"column":2},"end":{"line":10,"column":35}},"9":{"start":{"line":12,"column":24},"end":{"line":23,"column":1}},"10":{"start":{"line":13,"column":13},"end":{"line":13,"column":26}},"11":{"start":{"line":14,"column":14},"end":{"line":14,"column":26}},"12":{"start":{"line":15,"column":15},"end":{"line":15,"column":28}},"13":{"start":{"line":16,"column":15},"end":{"line":16,"column":60}},"14":{"start":{"line":17,"column":2},"end":{"line":22,"column":3}},"15":{"start":{"line":18,"column":4},"end":{"line":18,"column":31}},"16":{"start":{"line":21,"column":4},"end":{"line":21,"column":31}},"17":{"start":{"line":24,"column":0},"end":{"line":24,"column":68}}},"fnMap":{"0":{"name":"(anonymous_0)","decl":{"start":{"line":2,"column":23},"end":{"line":2,"column":24}},"loc":{"start":{"line":2,"column":43},"end":{"line":6,"column":1}},"line":2},"1":{"name":"(anonymous_1)","decl":{"start":{"line":7,"column":22},"end":{"line":7,"column":23}},"loc":{"start":{"line":7,"column":42},"end":{"line":11,"column":1}},"line":7},"2":{"name":"(anonymous_2)","decl":{"start":{"line":12,"column":24},"end":{"line":12,"column":25}},"loc":{"start":{"line":12,"column":44},"end":{"line":23,"column":1}},"line":12}},"branchMap":{"0":{"loc":{"start":{"line":17,"column":2},"end":{"line":22,"column":3}},"type":"if","locations":[{"start":{"line":17,"column":2},"end":{"line":22,"column":3}},{"start":{"line":20,"column":7},"end":{"line":22,"column":3}}],"line":17}},"s":{"0":1,"1":1,"2":1,"3":1,"4":1,"5":1,"6":1,"7":1,"8":1,"9":1,"10":2,"11":2,"12":2,"13":2,"14":2,"15":1,"16":1,"17":1},"f":{"0":1,"1":1,"2":2},"b":{"0":[1,1]},"_coverageSchema":"1a1c01bbd47fc00a2c39e90264f33305004495a9","hash":"44775db8b29281e83d3a166479d4e189fcc0e681"}
,"/Users/ishit_singh/Desktop/backendEval/src/middlewares/validator.js": {"path":"/Users/ishit_singh/Desktop/backendEval/src/middlewares/validator.js","statementMap":{"0":{"start":{"line":1,"column":12},"end":{"line":1,"column":26}},"1":{"start":{"line":2,"column":22},"end":{"line":2,"column":53}},"2":{"start":{"line":3,"column":18},"end":{"line":5,"column":2}},"3":{"start":{"line":6,"column":17},"end":{"line":8,"column":2}},"4":{"start":{"line":9,"column":21},"end":{"line":11,"column":2}},"5":{"start":{"line":14,"column":26},"end":{"line":27,"column":1}},"6":{"start":{"line":15,"column":2},"end":{"line":26,"column":3}},"7":{"start":{"line":16,"column":22},"end":{"line":16,"column":51}},"8":{"start":{"line":17,"column":4},"end":{"line":19,"column":5}},"9":{"start":{"line":18,"column":6},"end":{"line":18,"column":48}},"10":{"start":{"line":20,"column":4},"end":{"line":20,"column":11}},"11":{"start":{"line":23,"column":4},"end":{"line":25,"column":5}},"12":{"start":{"line":24,"column":6},"end":{"line":24,"column":66}},"13":{"start":{"line":28,"column":25},"end":{"line":41,"column":1}},"14":{"start":{"line":29,"column":2},"end":{"line":40,"column":3}},"15":{"start":{"line":30,"column":22},"end":{"line":30,"column":50}},"16":{"start":{"line":31,"column":4},"end":{"line":33,"column":5}},"17":{"start":{"line":32,"column":6},"end":{"line":32,"column":48}},"18":{"start":{"line":34,"column":4},"end":{"line":34,"column":11}},"19":{"start":{"line":37,"column":4},"end":{"line":39,"column":5}},"20":{"start":{"line":38,"column":6},"end":{"line":38,"column":66}},"21":{"start":{"line":42,"column":24},"end":{"line":55,"column":1}},"22":{"start":{"line":43,"column":2},"end":{"line":54,"column":3}},"23":{"start":{"line":44,"column":22},"end":{"line":44,"column":54}},"24":{"start":{"line":45,"column":4},"end":{"line":47,"column":5}},"25":{"start":{"line":46,"column":6},"end":{"line":46,"column":48}},"26":{"start":{"line":48,"column":4},"end":{"line":48,"column":11}},"27":{"start":{"line":51,"column":4},"end":{"line":53,"column":5}},"28":{"start":{"line":52,"column":6},"end":{"line":52,"column":66}},"29":{"start":{"line":56,"column":0},"end":{"line":56,"column":74}}},"fnMap":{"0":{"name":"(anonymous_0)","decl":{"start":{"line":14,"column":26},"end":{"line":14,"column":27}},"loc":{"start":{"line":14,"column":46},"end":{"line":27,"column":1}},"line":14},"1":{"name":"(anonymous_1)","decl":{"start":{"line":28,"column":25},"end":{"line":28,"column":26}},"loc":{"start":{"line":28,"column":45},"end":{"line":41,"column":1}},"line":28},"2":{"name":"(anonymous_2)","decl":{"start":{"line":42,"column":24},"end":{"line":42,"column":25}},"loc":{"start":{"line":42,"column":44},"end":{"line":55,"column":1}},"line":42}},"branchMap":{"0":{"loc":{"start":{"line":17,"column":4},"end":{"line":19,"column":5}},"type":"if","locations":[{"start":{"line":17,"column":4},"end":{"line":19,"column":5}},{"start":{},"end":{}}],"line":17},"1":{"loc":{"start":{"line":23,"column":4},"end":{"line":25,"column":5}},"type":"if","locations":[{"start":{"line":23,"column":4},"end":{"line":25,"column":5}},{"start":{},"end":{}}],"line":23},"2":{"loc":{"start":{"line":31,"column":4},"end":{"line":33,"column":5}},"type":"if","locations":[{"start":{"line":31,"column":4},"end":{"line":33,"column":5}},{"start":{},"end":{}}],"line":31},"3":{"loc":{"start":{"line":37,"column":4},"end":{"line":39,"column":5}},"type":"if","locations":[{"start":{"line":37,"column":4},"end":{"line":39,"column":5}},{"start":{},"end":{}}],"line":37},"4":{"loc":{"start":{"line":45,"column":4},"end":{"line":47,"column":5}},"type":"if","locations":[{"start":{"line":45,"column":4},"end":{"line":47,"column":5}},{"start":{},"end":{}}],"line":45},"5":{"loc":{"start":{"line":51,"column":4},"end":{"line":53,"column":5}},"type":"if","locations":[{"start":{"line":51,"column":4},"end":{"line":53,"column":5}},{"start":{},"end":{}}],"line":51}},"s":{"0":1,"1":1,"2":1,"3":1,"4":1,"5":1,"6":2,"7":2,"8":2,"9":1,"10":1,"11":1,"12":1,"13":1,"14":2,"15":2,"16":2,"17":1,"18":1,"19":1,"20":1,"21":1,"22":2,"23":2,"24":2,"25":1,"26":1,"27":1,"28":1,"29":1},"f":{"0":2,"1":2,"2":2},"b":{"0":[1,1],"1":[1,0],"2":[1,1],"3":[1,0],"4":[1,1],"5":[1,0]},"_coverageSchema":"1a1c01bbd47fc00a2c39e90264f33305004495a9","hash":"eb0d8cb2135c15c1855449f4b5493922f59ad8bc"}
,"/Users/ishit_singh/Desktop/backendEval/src/services/defaultServices.js": {"path":"/Users/ishit_singh/Desktop/backendEval/src/services/defaultServices.js","statementMap":{"0":{"start":{"line":1,"column":14},"end":{"line":1,"column":30}},"1":{"start":{"line":2,"column":11},"end":{"line":2,"column":43}},"2":{"start":{"line":4,"column":22},"end":{"line":35,"column":1}},"3":{"start":{"line":5,"column":13},"end":{"line":5,"column":40}},"4":{"start":{"line":6,"column":19},"end":{"line":6,"column":21}},"5":{"start":{"line":7,"column":2},"end":{"line":7,"column":36}},"6":{"start":{"line":8,"column":2},"end":{"line":12,"column":5}},"7":{"start":{"line":9,"column":17},"end":{"line":9,"column":35}},"8":{"start":{"line":10,"column":21},"end":{"line":10,"column":39}},"9":{"start":{"line":11,"column":4},"end":{"line":11,"column":32}},"10":{"start":{"line":13,"column":2},"end":{"line":33,"column":3}},"11":{"start":{"line":14,"column":24},"end":{"line":14,"column":56}},"12":{"start":{"line":15,"column":26},"end":{"line":15,"column":40}},"13":{"start":{"line":16,"column":28},"end":{"line":16,"column":44}},"14":{"start":{"line":17,"column":27},"end":{"line":17,"column":42}},"15":{"start":{"line":18,"column":30},"end":{"line":18,"column":40}},"16":{"start":{"line":19,"column":35},"end":{"line":19,"column":96}},"17":{"start":{"line":20,"column":40},"end":{"line":20,"column":82}},"18":{"start":{"line":21,"column":16},"end":{"line":21,"column":89}},"19":{"start":{"line":21,"column":61},"end":{"line":21,"column":79}},"20":{"start":{"line":22,"column":15},"end":{"line":22,"column":87}},"21":{"start":{"line":22,"column":60},"end":{"line":22,"column":77}},"22":{"start":{"line":23,"column":16},"end":{"line":23,"column":89}},"23":{"start":{"line":23,"column":61},"end":{"line":23,"column":79}},"24":{"start":{"line":24,"column":17},"end":{"line":24,"column":91}},"25":{"start":{"line":24,"column":62},"end":{"line":24,"column":81}},"26":{"start":{"line":25,"column":18},"end":{"line":25,"column":52}},"27":{"start":{"line":26,"column":35},"end":{"line":26,"column":141}},"28":{"start":{"line":27,"column":26},"end":{"line":31,"column":5}},"29":{"start":{"line":32,"column":4},"end":{"line":32,"column":33}},"30":{"start":{"line":34,"column":2},"end":{"line":34,"column":18}},"31":{"start":{"line":36,"column":23},"end":{"line":39,"column":1}},"32":{"start":{"line":37,"column":22},"end":{"line":37,"column":74}},"33":{"start":{"line":38,"column":2},"end":{"line":38,"column":26}},"34":{"start":{"line":40,"column":30},"end":{"line":44,"column":1}},"35":{"start":{"line":41,"column":20},"end":{"line":41,"column":80}},"36":{"start":{"line":42,"column":22},"end":{"line":42,"column":82}},"37":{"start":{"line":42,"column":57},"end":{"line":42,"column":81}},"38":{"start":{"line":43,"column":2},"end":{"line":43,"column":21}},"39":{"start":{"line":45,"column":22},"end":{"line":55,"column":1}},"40":{"start":{"line":46,"column":18},"end":{"line":53,"column":4}},"41":{"start":{"line":54,"column":2},"end":{"line":54,"column":17}},"42":{"start":{"line":56,"column":23},"end":{"line":58,"column":1}},"43":{"start":{"line":57,"column":2},"end":{"line":57,"column":61}},"44":{"start":{"line":59,"column":22},"end":{"line":79,"column":1}},"45":{"start":{"line":60,"column":20},"end":{"line":67,"column":4}},"46":{"start":{"line":68,"column":13},"end":{"line":68,"column":14}},"47":{"start":{"line":69,"column":26},"end":{"line":77,"column":4}},"48":{"start":{"line":70,"column":4},"end":{"line":76,"column":7}},"49":{"start":{"line":78,"column":2},"end":{"line":78,"column":25}},"50":{"start":{"line":80,"column":24},"end":{"line":110,"column":1}},"51":{"start":{"line":81,"column":22},"end":{"line":86,"column":4}},"52":{"start":{"line":87,"column":22},"end":{"line":87,"column":37}},"53":{"start":{"line":88,"column":23},"end":{"line":88,"column":46}},"54":{"start":{"line":89,"column":21},"end":{"line":96,"column":4}},"55":{"start":{"line":97,"column":2},"end":{"line":109,"column":3}},"56":{"start":{"line":98,"column":4},"end":{"line":98,"column":44}},"57":{"start":{"line":101,"column":23},"end":{"line":107,"column":6}},"58":{"start":{"line":108,"column":4},"end":{"line":108,"column":22}},"59":{"start":{"line":111,"column":0},"end":{"line":111,"column":137}}},"fnMap":{"0":{"name":"(anonymous_0)","decl":{"start":{"line":4,"column":22},"end":{"line":4,"column":23}},"loc":{"start":{"line":4,"column":37},"end":{"line":35,"column":1}},"line":4},"1":{"name":"(anonymous_1)","decl":{"start":{"line":8,"column":18},"end":{"line":8,"column":19}},"loc":{"start":{"line":8,"column":28},"end":{"line":12,"column":3}},"line":8},"2":{"name":"(anonymous_2)","decl":{"start":{"line":21,"column":51},"end":{"line":21,"column":52}},"loc":{"start":{"line":21,"column":61},"end":{"line":21,"column":79}},"line":21},"3":{"name":"(anonymous_3)","decl":{"start":{"line":22,"column":50},"end":{"line":22,"column":51}},"loc":{"start":{"line":22,"column":60},"end":{"line":22,"column":77}},"line":22},"4":{"name":"(anonymous_4)","decl":{"start":{"line":23,"column":51},"end":{"line":23,"column":52}},"loc":{"start":{"line":23,"column":61},"end":{"line":23,"column":79}},"line":23},"5":{"name":"(anonymous_5)","decl":{"start":{"line":24,"column":52},"end":{"line":24,"column":53}},"loc":{"start":{"line":24,"column":62},"end":{"line":24,"column":81}},"line":24},"6":{"name":"(anonymous_6)","decl":{"start":{"line":36,"column":23},"end":{"line":36,"column":24}},"loc":{"start":{"line":36,"column":37},"end":{"line":39,"column":1}},"line":36},"7":{"name":"(anonymous_7)","decl":{"start":{"line":40,"column":30},"end":{"line":40,"column":31}},"loc":{"start":{"line":40,"column":52},"end":{"line":44,"column":1}},"line":40},"8":{"name":"(anonymous_8)","decl":{"start":{"line":42,"column":44},"end":{"line":42,"column":45}},"loc":{"start":{"line":42,"column":57},"end":{"line":42,"column":81}},"line":42},"9":{"name":"(anonymous_9)","decl":{"start":{"line":45,"column":22},"end":{"line":45,"column":23}},"loc":{"start":{"line":45,"column":76},"end":{"line":55,"column":1}},"line":45},"10":{"name":"(anonymous_10)","decl":{"start":{"line":56,"column":23},"end":{"line":56,"column":24}},"loc":{"start":{"line":56,"column":47},"end":{"line":58,"column":1}},"line":56},"11":{"name":"(anonymous_11)","decl":{"start":{"line":59,"column":22},"end":{"line":59,"column":23}},"loc":{"start":{"line":59,"column":40},"end":{"line":79,"column":1}},"line":59},"12":{"name":"(anonymous_12)","decl":{"start":{"line":69,"column":40},"end":{"line":69,"column":41}},"loc":{"start":{"line":69,"column":53},"end":{"line":77,"column":3}},"line":69},"13":{"name":"(anonymous_13)","decl":{"start":{"line":80,"column":24},"end":{"line":80,"column":25}},"loc":{"start":{"line":80,"column":49},"end":{"line":110,"column":1}},"line":80}},"branchMap":{"0":{"loc":{"start":{"line":90,"column":9},"end":{"line":90,"column":46}},"type":"cond-expr","locations":[{"start":{"line":90,"column":29},"end":{"line":90,"column":40}},{"start":{"line":90,"column":43},"end":{"line":90,"column":46}}],"line":90},"1":{"loc":{"start":{"line":91,"column":17},"end":{"line":91,"column":57}},"type":"cond-expr","locations":[{"start":{"line":91,"column":38},"end":{"line":91,"column":50}},{"start":{"line":91,"column":53},"end":{"line":91,"column":57}}],"line":91},"2":{"loc":{"start":{"line":97,"column":2},"end":{"line":109,"column":3}},"type":"if","locations":[{"start":{"line":97,"column":2},"end":{"line":109,"column":3}},{"start":{"line":100,"column":7},"end":{"line":109,"column":3}}],"line":97}},"s":{"0":2,"1":2,"2":2,"3":0,"4":0,"5":0,"6":0,"7":0,"8":0,"9":0,"10":0,"11":0,"12":0,"13":0,"14":0,"15":0,"16":0,"17":0,"18":0,"19":0,"20":0,"21":0,"22":0,"23":0,"24":0,"25":0,"26":0,"27":0,"28":0,"29":0,"30":0,"31":2,"32":1,"33":1,"34":2,"35":1,"36":1,"37":2,"38":1,"39":2,"40":1,"41":1,"42":2,"43":1,"44":2,"45":1,"46":1,"47":1,"48":2,"49":1,"50":2,"51":0,"52":0,"53":0,"54":0,"55":0,"56":0,"57":0,"58":0,"59":2},"f":{"0":0,"1":0,"2":0,"3":0,"4":0,"5":0,"6":1,"7":1,"8":2,"9":1,"10":1,"11":1,"12":2,"13":0},"b":{"0":[0,0],"1":[0,0],"2":[0,0]},"_coverageSchema":"1a1c01bbd47fc00a2c39e90264f33305004495a9","hash":"bf3cfd9857d6653738e68f3c64587e42dae756e0"}
,"/Users/ishit_singh/Desktop/backendEval/src/utils/customError.js": {"path":"/Users/ishit_singh/Desktop/backendEval/src/utils/customError.js","statementMap":{"0":{"start":{"line":3,"column":4},"end":{"line":3,"column":19}},"1":{"start":{"line":4,"column":4},"end":{"line":4,"column":33}},"2":{"start":{"line":5,"column":4},"end":{"line":5,"column":25}},"3":{"start":{"line":8,"column":0},"end":{"line":10,"column":2}}},"fnMap":{"0":{"name":"(anonymous_0)","decl":{"start":{"line":2,"column":2},"end":{"line":2,"column":3}},"loc":{"start":{"line":2,"column":33},"end":{"line":6,"column":3}},"line":2}},"branchMap":{},"s":{"0":3,"1":3,"2":3,"3":1},"f":{"0":3},"b":{},"_coverageSchema":"1a1c01bbd47fc00a2c39e90264f33305004495a9","hash":"81813e3b5c6a3e06fee3003afafd8de6e2a68933"}
}
