TN:
SF:database/models/companies.js
FN:5,(anonymous_0)
FN:12,(anonymous_1)
FNF:2
FNH:2
FNDA:2,(anonymous_0)
FNDA:2,(anonymous_1)
DA:4,2
DA:5,2
DA:16,2
DA:25,2
LF:4
LH:4
BRF:0
BRH:0
end_of_record
TN:
SF:database/models/companydata.js
FN:5,(anonymous_0)
FN:12,(anonymous_1)
FNF:2
FNH:2
FNDA:2,(anonymous_0)
FNDA:2,(anonymous_1)
DA:4,2
DA:5,2
DA:16,2
DA:26,2
LF:4
LH:4
BRF:0
BRH:0
end_of_record
TN:
SF:database/models/index.js
FN:21,(anonymous_0)
FN:29,(anonymous_1)
FN:34,(anonymous_2)
FNF:3
FNH:3
FNDA:6,(anonymous_0)
FNDA:4,(anonymous_1)
FNDA:4,(anonymous_2)
DA:3,2
DA:4,2
DA:5,2
DA:6,2
DA:7,2
DA:8,2
DA:9,2
DA:10,2
DA:13,2
DA:14,0
DA:16,2
DA:19,2
DA:22,6
DA:30,4
DA:31,4
DA:34,2
DA:35,4
DA:36,4
DA:40,2
DA:41,2
DA:43,2
LF:21
LH:20
BRDA:8,0,0,2
BRDA:8,0,1,0
BRDA:13,1,0,0
BRDA:13,1,1,2
BRDA:23,2,0,6
BRDA:23,2,1,6
BRDA:23,2,2,4
BRDA:23,2,3,4
BRDA:35,3,0,4
BRDA:35,3,1,0
BRF:10
BRH:7
end_of_record
TN:
SF:src/controllers/defaultController.js
FN:2,(anonymous_0)
FN:7,(anonymous_1)
FN:12,(anonymous_2)
FNF:3
FNH:3
FNDA:1,(anonymous_0)
FNDA:1,(anonymous_1)
FNDA:2,(anonymous_2)
DA:1,1
DA:2,1
DA:3,1
DA:4,1
DA:5,1
DA:7,1
DA:8,1
DA:9,1
DA:10,1
DA:12,1
DA:13,2
DA:14,2
DA:15,2
DA:16,2
DA:17,2
DA:18,1
DA:21,1
DA:24,1
LF:18
LH:18
BRDA:17,0,0,1
BRDA:17,0,1,1
BRF:2
BRH:2
end_of_record
TN:
SF:src/middlewares/validator.js
FN:14,(anonymous_0)
FN:28,(anonymous_1)
FN:42,(anonymous_2)
FNF:3
FNH:3
FNDA:2,(anonymous_0)
FNDA:2,(anonymous_1)
FNDA:2,(anonymous_2)
DA:1,1
DA:2,1
DA:3,1
DA:6,1
DA:9,1
DA:14,1
DA:15,2
DA:16,2
DA:17,2
DA:18,1
DA:20,1
DA:23,1
DA:24,1
DA:28,1
DA:29,2
DA:30,2
DA:31,2
DA:32,1
DA:34,1
DA:37,1
DA:38,1
DA:42,1
DA:43,2
DA:44,2
DA:45,2
DA:46,1
DA:48,1
DA:51,1
DA:52,1
DA:56,1
LF:30
LH:30
BRDA:17,0,0,1
BRDA:17,0,1,1
BRDA:23,1,0,1
BRDA:23,1,1,0
BRDA:31,2,0,1
BRDA:31,2,1,1
BRDA:37,3,0,1
BRDA:37,3,1,0
BRDA:45,4,0,1
BRDA:45,4,1,1
BRDA:51,5,0,1
BRDA:51,5,1,0
BRF:12
BRH:9
end_of_record
TN:
SF:src/services/defaultServices.js
FN:4,(anonymous_0)
FN:8,(anonymous_1)
FN:21,(anonymous_2)
FN:22,(anonymous_3)
FN:23,(anonymous_4)
FN:24,(anonymous_5)
FN:36,(anonymous_6)
FN:40,(anonymous_7)
FN:42,(anonymous_8)
FN:45,(anonymous_9)
FN:56,(anonymous_10)
FN:59,(anonymous_11)
FN:69,(anonymous_12)
FN:80,(anonymous_13)
FNF:14
FNH:7
FNDA:0,(anonymous_0)
FNDA:0,(anonymous_1)
FNDA:0,(anonymous_2)
FNDA:0,(anonymous_3)
FNDA:0,(anonymous_4)
FNDA:0,(anonymous_5)
FNDA:1,(anonymous_6)
FNDA:1,(anonymous_7)
FNDA:2,(anonymous_8)
FNDA:1,(anonymous_9)
FNDA:1,(anonymous_10)
FNDA:1,(anonymous_11)
FNDA:2,(anonymous_12)
FNDA:0,(anonymous_13)
DA:1,2
DA:2,2
DA:4,2
DA:5,0
DA:6,0
DA:7,0
DA:8,0
DA:9,0
DA:10,0
DA:11,0
DA:13,0
DA:14,0
DA:15,0
DA:16,0
DA:17,0
DA:18,0
DA:19,0
DA:20,0
DA:21,0
DA:22,0
DA:23,0
DA:24,0
DA:25,0
DA:26,0
DA:27,0
DA:32,0
DA:34,0
DA:36,2
DA:37,1
DA:38,1
DA:40,2
DA:41,1
DA:42,2
DA:43,1
DA:45,2
DA:46,1
DA:54,1
DA:56,2
DA:57,1
DA:59,2
DA:60,1
DA:68,1
DA:69,1
DA:70,2
DA:78,1
DA:80,2
DA:81,0
DA:87,0
DA:88,0
DA:89,0
DA:97,0
DA:98,0
DA:101,0
DA:108,0
DA:111,2
LF:55
LH:23
BRDA:90,0,0,0
BRDA:90,0,1,0
BRDA:91,1,0,0
BRDA:91,1,1,0
BRDA:97,2,0,0
BRDA:97,2,1,0
BRF:6
BRH:0
end_of_record
TN:
SF:src/utils/customError.js
FN:2,(anonymous_0)
FNF:1
FNH:1
FNDA:3,(anonymous_0)
DA:3,3
DA:4,3
DA:5,3
DA:8,1
LF:4
LH:4
BRF:0
BRH:0
end_of_record
